<?xml version="1.0" encoding="UTF-8" ?>
<testsuite errors="0" failures="0" hostname="Yokk" name="RationalTest" skipped="0" tests="11" time="0.043" timestamp="2023-09-12T15:16:22">
  <properties>
[...]
</properties>
  <testcase classname="RationalTest" name="testEqual_1" time="0.004" />
  <testcase classname="RationalTest" name="testEqual_2" time="0.001" />
  <testcase classname="RationalTest" name="testAdd" time="0.0" />
  <testcase classname="RationalTest" name="testCompareTo_1" time="0.0" />
  <testcase classname="RationalTest" name="testCompareTo_2" time="0.0" />
  <testcase classname="RationalTest" name="testCompareTo_3" time="0.0" />
  <testcase classname="RationalTest" name="testToString" time="0.003" />
  <testcase classname="RationalTest" name="testSubtract_1" time="0.0" />
  <testcase classname="RationalTest" name="testSubtract_2" time="0.0" />
  <testcase classname="RationalTest" name="testDivide" time="0.0" />
  <testcase classname="RationalTest" name="testMultiply" time="0.0" />
  <system-out><![CDATA[]]></system-out>
  <system-err><![CDATA[]]></system-err>
</testsuite>
