<?xml version="1.0" encoding="UTF-8" ?>
<testsuite tests="11" failures="0" name="RationalTest" time="0.005" errors="0" skipped="0">
  <properties>
[...]
</properties>
  <testcase classname="RationalTest" name="testEqual_1" time="0.005"/>
  <testcase classname="RationalTest" name="testEqual_2" time="0"/>
  <testcase classname="RationalTest" name="testAdd" time="0"/>
  <testcase classname="RationalTest" name="testCompareTo_1" time="0"/>
  <testcase classname="RationalTest" name="testCompareTo_2" time="0"/>
  <testcase classname="RationalTest" name="testCompareTo_3" time="0"/>
  <testcase classname="RationalTest" name="testToString" time="0"/>
  <testcase classname="RationalTest" name="testSubtract_1" time="0"/>
  <testcase classname="RationalTest" name="testSubtract_2" time="0"/>
  <testcase classname="RationalTest" name="testDivide" time="0"/>
  <testcase classname="RationalTest" name="testMultiply" time="0"/>
</testsuite>